<?xml version="1.0" encoding="UTF-8"?>
<testsuite name="tests.LoginTests" tests="2" skipped="0" failures="0" errors="0" timestamp="2023-07-21T09:13:14" hostname="QA" time="9.928">
  <properties/>
  <testcase name="loginNegativeWrongEmail" classname="tests.LoginTests" time="1.458"/>
  <testcase name="loginPositiveTestBase" classname="tests.LoginTests" time="3.413"/>
  <system-out><![CDATA[]]></system-out>
  <system-err><![CDATA[]]></system-err>
</testsuite>
