<?xml version="1.0" encoding="UTF-8"?>
<testsuite name="tests.LoginTests" tests="2" skipped="0" failures="0" errors="0" timestamp="2023-07-21T08:35:36" hostname="QA" time="17.998">
  <properties/>
  <testcase name="loginNegativeWrongEmail" classname="tests.LoginTests" time="8.841"/>
  <testcase name="loginPositiveTestBase" classname="tests.LoginTests" time="4.12"/>
  <system-out><![CDATA[]]></system-out>
  <system-err><![CDATA[console.warn: LoginRecipes: "Falling back to a synchronous message for: https://telranedu.web.app."
console.warn: LoginRecipes: "Falling back to a synchronous message for: https://telranedu.web.app."
]]></system-err>
</testsuite>
